PLAYING AS P1 AGAINSTS champely ON MAP 0
./tbenedic.filler won
./tbenedic.filler won
./tbenedic.filler won
./tbenedic.filler won
./tbenedic.filler won
PLAYING AS P2 AGAINSTS champely ON MAP 0
./tbenedic.filler won
./tbenedic.filler won
./tbenedic.filler won
./tbenedic.filler won
./tbenedic.filler won
PLAYING AS P1 AGAINSTS champely ON MAP 1
./tbenedic.filler won
./tbenedic.filler won
./tbenedic.filler won
./tbenedic.filler won
./tbenedic.filler won
PLAYING AS P2 AGAINSTS champely ON MAP 1
./tbenedic.filler won
./tbenedic.filler won
./tbenedic.filler won
./tbenedic.filler won
./tbenedic.filler won
PLAYING AS P1 AGAINSTS champely ON MAP 2
./tbenedic.filler won
./tbenedic.filler won
./tbenedic.filler won
./tbenedic.filler won
./tbenedic.filler won
PLAYING AS P2 AGAINSTS champely ON MAP 2
./tbenedic.filler won
./tbenedic.filler won
./tbenedic.filler won
./tbenedic.filler won
./tbenedic.filler won
PLAYING AS P1 AGAINSTS abanlin ON MAP 0
./tbenedic.filler won
./tbenedic.filler won
./tbenedic.filler won
./tbenedic.filler won
./tbenedic.filler won
PLAYING AS P2 AGAINSTS abanlin ON MAP 0
./tbenedic.filler won
./tbenedic.filler won
./tbenedic.filler won
./tbenedic.filler won
./tbenedic.filler won
PLAYING AS P1 AGAINSTS abanlin ON MAP 1
./tbenedic.filler won
./tbenedic.filler won
./tbenedic.filler won
./tbenedic.filler won
./tbenedic.filler won
PLAYING AS P2 AGAINSTS abanlin ON MAP 1
./tbenedic.filler won
./tbenedic.filler won
./tbenedic.filler won
./tbenedic.filler won
./tbenedic.filler won
PLAYING AS P1 AGAINSTS abanlin ON MAP 2
./tbenedic.filler won
./tbenedic.filler won
./tbenedic.filler won
./tbenedic.filler won
./tbenedic.filler won
PLAYING AS P2 AGAINSTS abanlin ON MAP 2
./tbenedic.filler won
./tbenedic.filler won
./tbenedic.filler won
./tbenedic.filler won
./tbenedic.filler won
PLAYING AS P1 AGAINSTS hcao ON MAP 0
./tbenedic.filler won
./tbenedic.filler won
./tbenedic.filler won
./tbenedic.filler won
./tbenedic.filler won
PLAYING AS P2 AGAINSTS hcao ON MAP 0
./tbenedic.filler won
./tbenedic.filler won
./tbenedic.filler won
./tbenedic.filler won
./tbenedic.filler won
PLAYING AS P1 AGAINSTS hcao ON MAP 1
./tbenedic.filler won
./tbenedic.filler won
./tbenedic.filler won
./tbenedic.filler won
./tbenedic.filler won
PLAYING AS P2 AGAINSTS hcao ON MAP 1
./tbenedic.filler won
./tbenedic.filler won
./tbenedic.filler won
./tbenedic.filler won
./tbenedic.filler won
PLAYING AS P1 AGAINSTS hcao ON MAP 2
./tbenedic.filler won
./tbenedic.filler won
./tbenedic.filler won
./tbenedic.filler won
./tbenedic.filler won
PLAYING AS P2 AGAINSTS hcao ON MAP 2
./tbenedic.filler won
./tbenedic.filler won
./tbenedic.filler won
./tbenedic.filler won
./tbenedic.filler won
PLAYING AS P1 AGAINSTS grati ON MAP 0
./tbenedic.filler won
./tbenedic.filler won
./tbenedic.filler won
./tbenedic.filler won
./tbenedic.filler won
PLAYING AS P2 AGAINSTS grati ON MAP 0
./tbenedic.filler won
./tbenedic.filler won
./tbenedic.filler won
./tbenedic.filler won
./tbenedic.filler won
PLAYING AS P1 AGAINSTS grati ON MAP 1
./tbenedic.filler won
./tbenedic.filler won
./tbenedic.filler won
./tbenedic.filler won
./tbenedic.filler won
PLAYING AS P2 AGAINSTS grati ON MAP 1
./tbenedic.filler won
./tbenedic.filler won
./tbenedic.filler won
./tbenedic.filler won
./tbenedic.filler won
PLAYING AS P1 AGAINSTS grati ON MAP 2
./tbenedic.filler won
./tbenedic.filler won
./tbenedic.filler won
./tbenedic.filler won
./tbenedic.filler won
PLAYING AS P2 AGAINSTS grati ON MAP 2
./tbenedic.filler won
./tbenedic.filler won
./tbenedic.filler won
./tbenedic.filler won
./tbenedic.filler won
PLAYING AS P1 AGAINSTS carli ON MAP 0
./tbenedic.filler won
./tbenedic.filler won
./tbenedic.filler won
./tbenedic.filler won
./tbenedic.filler won
PLAYING AS P2 AGAINSTS carli ON MAP 0
./tbenedic.filler won
./tbenedic.filler won
./tbenedic.filler won
./tbenedic.filler won
./tbenedic.filler won
PLAYING AS P1 AGAINSTS carli ON MAP 1
./tbenedic.filler won
./tbenedic.filler won
./tbenedic.filler won
./tbenedic.filler won
./tbenedic.filler won
PLAYING AS P2 AGAINSTS carli ON MAP 1
./tbenedic.filler won
./tbenedic.filler won
./tbenedic.filler won
./tbenedic.filler won
./tbenedic.filler won
PLAYING AS P1 AGAINSTS carli ON MAP 2
./tbenedic.filler won
./tbenedic.filler won
./tbenedic.filler won
./tbenedic.filler won
./tbenedic.filler won
PLAYING AS P2 AGAINSTS carli ON MAP 2
./tbenedic.filler won
./tbenedic.filler won
./tbenedic.filler won
./tbenedic.filler won
./tbenedic.filler won
PLAYING AS P1 AGAINSTS superjeannot ON MAP 0
./tbenedic.filler won
./tbenedic.filler won
./tbenedic.filler won
./tbenedic.filler won
./tbenedic.filler won
PLAYING AS P2 AGAINSTS superjeannot ON MAP 0
./tbenedic.filler won
./tbenedic.filler won
./tbenedic.filler won
./tbenedic.filler won
./tbenedic.filler won
PLAYING AS P1 AGAINSTS superjeannot ON MAP 1
./tbenedic.filler won
./tbenedic.filler won
./tbenedic.filler won
./tbenedic.filler won
./tbenedic.filler won
PLAYING AS P2 AGAINSTS superjeannot ON MAP 1
./tbenedic.filler won
./tbenedic.filler won
./tbenedic.filler won
./tbenedic.filler won
./tbenedic.filler won
PLAYING AS P1 AGAINSTS superjeannot ON MAP 2
./tbenedic.filler won
./tbenedic.filler won
./tbenedic.filler won
./tbenedic.filler won
./tbenedic.filler won
PLAYING AS P2 AGAINSTS superjeannot ON MAP 2
./tbenedic.filler won
./tbenedic.filler won
./tbenedic.filler won
./tbenedic.filler won
./tbenedic.filler won
